Problem:    noelQAEZE_leoMEILLIER_q2
Rows:       2
Columns:    3
Non-zeros:  6
Status:     OPTIMAL
Objective:  Gain = 603535.7143 (MAXimum)

   No.   Row name   St   Activity     Lower bound   Upper bound    Marginal
------ ------------ -- ------------- ------------- ------------- -------------
     1 Gain         B         603536                             
     2 JourProduction
                    NU            30                          30         18000 

   No. Column name  St   Activity     Lower bound   Upper bound    Marginal
------ ------------ -- ------------- ------------- ------------- -------------
     1 c[1]         B        2809.05             0          4321 
     2 c[2]         NU          3948             0          3948             7 
     3 c[3]         NU          5463             0          5463       6.57143 

Karush-Kuhn-Tucker optimality conditions:

KKT.PE: max.abs.err = 0.00e+00 on row 0
        max.rel.err = 0.00e+00 on row 0
        High quality

KKT.PB: max.abs.err = 0.00e+00 on row 0
        max.rel.err = 0.00e+00 on row 0
        High quality

KKT.DE: max.abs.err = 0.00e+00 on column 0
        max.rel.err = 0.00e+00 on column 0
        High quality

KKT.DB: max.abs.err = 0.00e+00 on row 0
        max.rel.err = 0.00e+00 on row 0
        High quality

End of output
