Problem:    noelQAEZE_leoMEILLIER_q5
Rows:       22
Columns:    20 (10 integer, 10 binary)
Non-zeros:  70
Status:     INTEGER OPTIMAL
Objective:  Gain = 1311630.764 (MAXimum)

   No.   Row name        Activity     Lower bound   Upper bound
------ ------------    ------------- ------------- -------------
     1 Gain              1.31163e+06                             
     2 JourProduction
                                  25                          25 
     3 Activation[1]
                            -869.992                          -0 
     4 Activation[2]
                                   0                          -0 
     5 Activation[3]
                                   0                          -0 
     6 Activation[4]
                                   0                          -0 
     7 Activation[5]
                                   0                          -0 
     8 Activation[6]
                                   0                          -0 
     9 Activation[7]
                                   0                          -0 
    10 Activation[8]
                                   0                          -0 
    11 Activation[9]
                                   0                          -0 
    12 Activation[10]
                                   0                          -0 
    13 MinimumActivation[1]
                             110.008            -0               
    14 MinimumActivation[2]
                                 980            -0               
    15 MinimumActivation[3]
                                2385            -0               
    16 MinimumActivation[4]
                                1209            -0               
    17 MinimumActivation[5]
                                1423            -0               
    18 MinimumActivation[6]
                                1480            -0               
    19 MinimumActivation[7]
                                   0            -0               
    20 MinimumActivation[8]
                                1950            -0               
    21 MinimumActivation[9]
                                2180            -0               
    22 MinimumActivation[10]
                                   0            -0               

   No. Column name       Activity     Lower bound   Upper bound
------ ------------    ------------- ------------- -------------
     1 c[1]                  130.008             0          1000 
     2 c[2]                     1000             0          1000 
     3 c[3]                     2400             0          2400 
     4 c[4]                     1234             0          1234 
     5 c[5]                     1453             0          1453 
     6 c[6]                     1500             0          1500 
     7 c[7]                        0             0          1800 
     8 c[8]                     2000             0          2000 
     9 c[9]                     2200             0          2200 
    10 c[10]                       0             0          1000 
    11 y[1]         *              1             0             1 
    12 y[2]         *              1             0             1 
    13 y[3]         *              1             0             1 
    14 y[4]         *              1             0             1 
    15 y[5]         *              1             0             1 
    16 y[6]         *              1             0             1 
    17 y[7]         *              0             0             1 
    18 y[8]         *              1             0             1 
    19 y[9]         *              1             0             1 
    20 y[10]        *              0             0             1 

Integer feasibility conditions:

KKT.PE: max.abs.err = 0.00e+00 on row 0
        max.rel.err = 0.00e+00 on row 0
        High quality

KKT.PB: max.abs.err = 0.00e+00 on row 0
        max.rel.err = 0.00e+00 on row 0
        High quality

End of output
